<?xml version="1.0" encoding="UTF-8"?>
<!-- Generated by org.testng.reporters.JUnitXMLReporter -->
<testsuite ignored="0" hostname="ankit-gupta" failures="0" tests="12" name="Default test" time="0.085" errors="0" timestamp="2024-08-03T23:08:06 IST">
  <testcase classname="TestCases.CloseCase" name="@BeforeClass setUp" time="0.004">
    <failure type="java.lang.NullPointerException" message="Cannot invoke &amp;quot;Object.toString()&amp;quot; because the return value of &amp;quot;java.util.Properties.get(Object)&amp;quot; is null">
      <![CDATA[java.lang.NullPointerException: Cannot invoke "Object.toString()" because the return value of "java.util.Properties.get(Object)" is null
at CommonMethods.PropertiesUtils.getPropertyValue(PropertiesUtils.java:24)
at BrowsersBase.BrowsersInvoked.RunEnvironmentSetup(BrowsersInvoked.java:431)
at BrowsersBase.BrowsersInvoked.Setup(BrowsersInvoked.java:143)
at TestCases.CloseCase.setUp(CloseCase.java:39)
at java.base/jdk.internal.reflect.DirectMethodHandleAccessor.invoke(DirectMethodHandleAccessor.java:104)
at java.base/java.lang.reflect.Method.invoke(Method.java:577)
at org.testng.internal.MethodInvocationHelper.invokeMethod(MethodInvocationHelper.java:133)
at org.testng.internal.MethodInvocationHelper.invokeMethodConsideringTimeout(MethodInvocationHelper.java:62)
at org.testng.internal.ConfigInvoker.invokeConfigurationMethod(ConfigInvoker.java:385)
at org.testng.internal.ConfigInvoker.invokeConfigurations(ConfigInvoker.java:321)
at org.testng.internal.TestMethodWorker.invokeBeforeClassMethods(TestMethodWorker.java:176)
at org.testng.internal.TestMethodWorker.run(TestMethodWorker.java:122)
at java.base/java.util.ArrayList.forEach(ArrayList.java:1511)
at org.testng.TestRunner.privateRun(TestRunner.java:794)
at org.testng.TestRunner.run(TestRunner.java:596)
at org.testng.SuiteRunner.runTest(SuiteRunner.java:377)
at org.testng.SuiteRunner.runSequentially(SuiteRunner.java:371)
at org.testng.SuiteRunner.privateRun(SuiteRunner.java:332)
at org.testng.SuiteRunner.run(SuiteRunner.java:276)
at org.testng.SuiteRunnerWorker.runSuite(SuiteRunnerWorker.java:53)
at org.testng.SuiteRunnerWorker.run(SuiteRunnerWorker.java:96)
at org.testng.TestNG.runSuitesSequentially(TestNG.java:1212)
at org.testng.TestNG.runSuitesLocally(TestNG.java:1134)
at org.testng.TestNG.runSuites(TestNG.java:1063)
at org.testng.TestNG.run(TestNG.java:1031)
at org.testng.remote.AbstractRemoteTestNG.run(AbstractRemoteTestNG.java:115)
at org.testng.remote.RemoteTestNG.initAndRun(RemoteTestNG.java:293)
at org.testng.remote.RemoteTestNG.main(RemoteTestNG.java:91)
]]>
    </failure>
  </testcase> <!-- @BeforeClass setUp -->
  <testcase classname="TestCases.CloseCase" name="@AfterClass closeDriver" time="-1.722706685971E9">
    <skipped/>
  </testcase> <!-- @AfterClass closeDriver -->
  <testcase classname="TestCases.CloseCase" name="LoginTest" time="0.0">
    <skipped/>
  </testcase> <!-- LoginTest -->
  <testcase classname="TestCases.CloseCase" name="CloseCase_PreRequisite" time="0.0">
    <skipped/>
  </testcase> <!-- CloseCase_PreRequisite -->
  <testcase classname="TestCases.CloseCase" name="CloseCase_OpenCloseCasePopup" time="0.0">
    <skipped/>
  </testcase> <!-- CloseCase_OpenCloseCasePopup -->
  <testcase classname="TestCases.CloseCase" name="CloseCase_CloseCloseCasePopup" time="0.0">
    <skipped/>
  </testcase> <!-- CloseCase_CloseCloseCasePopup -->
  <testcase classname="TestCases.CloseCase" name="CloseCase_VerifyVoluntaryToggleBtnState" time="0.0">
    <skipped/>
  </testcase> <!-- CloseCase_VerifyVoluntaryToggleBtnState -->
  <testcase classname="TestCases.CloseCase" name="CloseCase_SelectForcedToggleBtn" time="0.0">
    <skipped/>
  </testcase> <!-- CloseCase_SelectForcedToggleBtn -->
  <testcase classname="TestCases.CloseCase" name="CloseCase_VerifyClosedStatus" time="0.0">
    <skipped/>
  </testcase> <!-- CloseCase_VerifyClosedStatus -->
  <testcase classname="TestCases.CloseCase" name="CloseCase_PreRequisiteCaseCreationForCloseCase" time="0.0">
    <skipped/>
  </testcase> <!-- CloseCase_PreRequisiteCaseCreationForCloseCase -->
  <testcase classname="TestCases.CloseCase" name="CloseCase_ConfirmationPopupForCloseCaseInvalidViolations" time="0.0">
    <skipped/>
  </testcase> <!-- CloseCase_ConfirmationPopupForCloseCaseInvalidViolations -->
  <testcase classname="TestCases.CloseCase" name="CloseCase_CloseConfirmationPopupForCloseCase" time="0.0">
    <skipped/>
  </testcase> <!-- CloseCase_CloseConfirmationPopupForCloseCase -->
  <testcase classname="TestCases.CloseCase" name="CloseCase_VerifyClosedStatusViaPerformInspection" time="0.0">
    <skipped/>
  </testcase> <!-- CloseCase_VerifyClosedStatusViaPerformInspection -->
  <testcase classname="TestCases.CloseCase" name="CloseCase_CloseCasewithValidViolations" time="0.0">
    <skipped/>
  </testcase> <!-- CloseCase_CloseCasewithValidViolations -->
</testsuite> <!-- Default test -->
