<?xml version="1.0" encoding="UTF-8"?>
<!-- Generated by org.testng.reporters.JUnitXMLReporter -->
<testsuite ignored="0" hostname="ankit-gupta" failures="0" tests="4" name="Test" time="54.504" errors="0" timestamp="2023-08-01T11:15:43 IST">
  <testcase classname="com.AutomatiomTestCases.buy_watch" name="add_watch_to_cart" time="14.357"/>
  <testcase classname="com.AutomatiomTestCases.buy_watch" name="checkout" time="1.685"/>
  <testcase classname="com.AutomatiomTestCases.buy_watch" name="placeOrder" time="14.473"/>
  <testcase classname="com.AutomatiomTestCases.buy_watch" name="verify_placedOrder" time="5.066"/>
</testsuite> <!-- Test -->
