<?xml version="1.0" encoding="UTF-8"?>
<testsuite xmlns:xsi="http://www.w3.org/2001/XMLSchema-instance" xsi:noNamespaceSchemaLocation="https://maven.apache.org/surefire/maven-surefire-plugin/xsd/surefire-test-report-3.0.xsd" version="3.0" name="TestSuite" time="56.188" tests="4" errors="0" skipped="0" failures="0">
  <properties>
[...]
</properties>
  <testcase name="add_watch_to_cart" classname="com.AutomatiomTestCases.buy_watch" time="14.371">
    <system-err><![CDATA[[main] INFO io.github.bonigarcia.wdm.WebDriverManager - Using chromedriver 115.0.5790.102 (resolved driver for Chrome 115)
[main] INFO io.github.bonigarcia.wdm.WebDriverManager - Exporting webdriver.chrome.driver as C:\Users\SQE Labs\.cache\selenium\chromedriver\win64\115.0.5790.102\chromedriver.exe
Aug 01, 2023 11:14:48 AM org.openqa.selenium.remote.service.DriverService$Builder getLogOutput
INFO: Driver logs no longer sent to console by default; https://www.selenium.dev/documentation/webdriver/drivers/service/#setting-log-output
Aug 01, 2023 11:14:49 AM org.openqa.selenium.devtools.CdpVersionFinder findNearestMatch
WARNING: Unable to find an exact match for CDP version 115, so returning the closest version found: 114
]]></system-err>
  </testcase>
  <testcase name="checkout" classname="com.AutomatiomTestCases.buy_watch" time="1.685"/>
  <testcase name="placeOrder" classname="com.AutomatiomTestCases.buy_watch" time="14.473"/>
  <testcase name="verify_placedOrder" classname="com.AutomatiomTestCases.buy_watch" time="5.068"/>
</testsuite>